/CIOPRG DN
//NAME STD+STD
//ATTR SC
//CIOAP GENERAL2
//$M
0,0,0,0,0,0,0,0,0,0
0,0,0,0,0,0,0,0,0,0
0,0,0,0,0,0,0,0,0,0
0,0,0,0,0,0,0,0,0,0
0,0,0,0,0,0,0,0,0,0
0,0,0,0,0,0,0,0,0,0
0,0,0,0,0,0,0,0,0,0
0,0,0,0,0,0,0,0,0,0
//KEY 0
PART 1
STR #80011
OUT #70025
STR #70025
AND #82014
OR-NOT #70025
OUT #40057
STR #70025
AND #82015
OUT #40042
STR #70025
AND #82016
OUT #40056
STR #50811
AND #50190
AND-NOT #50181
AND-NOT #50063
OUT #70023
STR #70030
AND-NOT #70034
AND #50080
STR #70031
AND #50081
OR-STR
STR #70032
AND-NOT #70036
AND #50082
OR-STR
STR #70033
AND #50083
OR-STR
OR #70023
AND-NOT #50063
OUT #40130
STR #50080
STR #50081
STR #50082
OR #50083
OR-STR
OR-STR
AND #40130
STR #70021
AND-NOT #50076
AND-NOT #50070
OR-STR
OUT #70021
STR #50080
AND-NOT #70021
OUT #70034
STR #50081
AND-NOT #70021
OUT #70035
STR #50082
AND-NOT #70021
OUT #70036
STR #50083
AND-NOT #70021
OUT #70037
STR #50820
AND #50190
AND-NOT #50181
AND-NOT #50063
OUT #70223
STR #70230
AND-NOT #70234
AND #50090
STR #70231
AND #50091
OR-STR
STR #70232
AND #50092
OR-STR
STR #70233
AND-NOT #70237
AND #50093
OR-STR
OR #70223
AND-NOT #50063
OUT #40131
STR #50090
STR #50091
STR #50092
OR #50093
OR-STR
OR-STR
AND #40131
STR #70221
AND-NOT #50076
AND-NOT #50070
OR-STR
OUT #70221
STR #50090
AND-NOT #70221
OUT #70234
STR #50091
AND-NOT #70221
OUT #70235
STR #50092
AND-NOT #70221
OUT #70236
STR #50093
AND-NOT #70221
OUT #70237
STR #70236
OUT #70032
STR #70036
OUT #70232
STR #50010
STR #50011
STR #50012
OR #50013
OR-STR
OR-STR
OUT #70020
STR #50054
AND #50073
AND-NOT #50014
AND-NOT #70020
OUT #70011
STR #70010
AND #50073
OUT #40044
STR-NOT #70017
OR #70017
OUT #70017
STR-NOT #70016
OUT #70016
STR #70016
STR #70015
CNT M479,250
OUT #70015
STR #51530
OR #70040
AND-NOT #51531
AND-NOT #70042
AND-NOT #70043
OUT #70040
STR #51530
OUT #41130
STR #51531
OUT #41131
STR #70040
AND #50070
OUT #70041
STR #70041
OUT #41132
STR #70040
OR #70042
AND #51532
AND-NOT #50070
OUT #70042
STR #51590
OR #70240
AND-NOT #51591
AND-NOT #70242
AND-NOT #70243
OUT #70240
STR #51590
OUT #41190
STR #51591
OUT #41191
STR #70240
AND #50070
OUT #70241
STR #70241
OUT #41192
STR #70240
OR #70242
AND #51592
AND-NOT #50070
OUT #70242
PART 2
STR #20010
OUT #70010
STR #00014
OUT #40067
STR #20010
OUT #40045
STR #20012
OUT #40070
STR #20013
OUT #40014
STR #20015
OUT #40041
STR #20016
OUT #40040
STR #20020
OUT #70030
STR #20021
OUT #70031
STR #20022
OUT #70043
STR #20022
OUT #70243
STR #20024
OUT #70230
STR #20025
OUT #70231
STR #50070
OUT #30010
STR #50073
OUT #30011
STR #50020
OUT #30012
STR #70020
OR #50014
OUT #30013
STR #50015
OR #50016
OUT #30014
STR-NOT #40057
OR #50056
OUT #30015
STR #50054
OUT #30016
STR #50053
OUT #30017
STR #70034
OUT #30020
STR #70035
OUT #30021
STR #50157
AND #50156
OUT #30022
STR #50400
AND #50401
OUT #30023
STR #70234
OUT #30024
STR #70235
OUT #30025
STR #70040
OUT #30026
STR #70240
OUT #30027
STR #70017
BMOV #20030,510,#00010
STR #10010
OR #50070
OUT #30030
STR #10011
OUT #30031
STR #10012
AND #50053
OR #50070
OUT #30032
STR #10013
STR-NOT #50080
AND-NOT #50010
AND-NOT #50011
AND #50070
AND-NOT #50081
AND-NOT #50082
AND #50073
OR #50053
AND-STR
OUT #30033
STR #10014
OUT #30034
STR #10015
STR #50070
OR #50053
AND-STR
OUT #30035
STR #10016
STR #50070
OR #50053
AND-STR
OUT #30036
STR #10017
OR #50070
OR #00013
OUT #30037
STR #10020
OUT #30040
STR #10021
OUT #30041
STR #10022
OUT #30042
STR #10023
OUT #30043
END
//ALARM1
































































































































//ALARM2
































































































































//MESSAGE1
































































































































//MESSAGE2
































































































































